PLINK v2.00a5.12 32-bit (25 Jun 2024)
Options in effect:
  --make-rel square
  --out identity_matrix
  --vcf /home/zalapa/Documents/CranLab/DiversityPanel_PopStruc/DiversityPanel/DP_VCF_stats/FILTERED_MAF/DP_filtered_biallelic.vcf.gz

Hostname: zalapa-iMac
Working directory: /home/zalapa/Documents/CranLab/DiversityPanel_PopStruc/DiversityPanel/Phylogeny
Start time: Sat Aug 17 20:45:25 2024

Random number seed: 1723945525
19979 MiB RAM detected, ~15158 available; reserving 2047 MiB for main
workspace.
Using up to 4 compute threads.
--vcf: 27656 variants scanned.
--vcf: identity_matrix-temporary.pgen + identity_matrix-temporary.pvar.zst +
identity_matrix-temporary.psam written.
242 samples (0 females, 0 males, 242 ambiguous; 242 founders) loaded from
identity_matrix-temporary.psam.
27656 variants loaded from identity_matrix-temporary.pvar.zst.
Note: No phenotype data present.
Calculating allele frequencies... done.
Constructing GRM: done.
Correcting for missingness... done.
--make-rel: GRM written to identity_matrix.rel , and IDs to
identity_matrix.rel.id .

End time: Sat Aug 17 20:45:27 2024
